This is pdfTeX, Version 3.141592653-2.6-1.40.22 (TeX Live 2021) (preloaded format=pdflatex 2021.9.20)  4 OCT 2021 16:35
entering extended mode
 restricted \write18 enabled.
 %&-line parsing enabled.
**midterm.tex
(./midterm.tex
LaTeX2e <2020-10-01> patch level 4
L3 programming layer <2021-02-18>
(/usr/local/texlive/2021/texmf-dist/tex/latex/base/article.cls
Document Class: article 2020/04/10 v1.4m Standard LaTeX document class
(/usr/local/texlive/2021/texmf-dist/tex/latex/base/size10.clo
File: size10.clo 2020/04/10 v1.4m Standard LaTeX file (size option)
)
\c@part=\count179
\c@section=\count180
\c@subsection=\count181
\c@subsubsection=\count182
\c@paragraph=\count183
\c@subparagraph=\count184
\c@figure=\count185
\c@table=\count186
\abovecaptionskip=\skip47
\belowcaptionskip=\skip48
\bibindent=\dimen138
)
(/usr/local/texlive/2021/texmf-dist/tex/latex/l3backend/l3backend-pdftex.def
File: l3backend-pdftex.def 2021-03-18 L3 backend support: PDF output (pdfTeX)
\l__color_backend_stack_int=\count187
\l__pdf_internal_box=\box47
)
(./midterm.aux)
\openout1 = `midterm.aux'.

LaTeX Font Info:    Checking defaults for OML/cmm/m/it on input line 4.
LaTeX Font Info:    ... okay on input line 4.
LaTeX Font Info:    Checking defaults for OMS/cmsy/m/n on input line 4.
LaTeX Font Info:    ... okay on input line 4.
LaTeX Font Info:    Checking defaults for OT1/cmr/m/n on input line 4.
LaTeX Font Info:    ... okay on input line 4.
LaTeX Font Info:    Checking defaults for T1/cmr/m/n on input line 4.
LaTeX Font Info:    ... okay on input line 4.
LaTeX Font Info:    Checking defaults for TS1/cmr/m/n on input line 4.
LaTeX Font Info:    ... okay on input line 4.
LaTeX Font Info:    Checking defaults for OMX/cmex/m/n on input line 4.
LaTeX Font Info:    ... okay on input line 4.
LaTeX Font Info:    Checking defaults for U/cmr/m/n on input line 4.
LaTeX Font Info:    ... okay on input line 4.
LaTeX Font Info:    External font `cmex10' loaded for size
(Font)              <12> on input line 5.
LaTeX Font Info:    External font `cmex10' loaded for size
(Font)              <8> on input line 5.
LaTeX Font Info:    External font `cmex10' loaded for size
(Font)              <6> on input line 5.
 [1

{/usr/local/texlive/2021/texmf-var/fonts/map/pdftex/updmap/pdftex.map}]
Overfull \hbox (17.24684pt too wide) in paragraph at lines 63--63
[]\OT1/cmtt/m/n/10 |o o o                 |   |  Loading the Kernel  |         
  Running[] 
 []


Overfull \hbox (48.74657pt too wide) in paragraph at lines 63--63
[]\OT1/cmtt/m/n/10 +----------------------+   |     Into Memory      |---------
---Kernel-----+[] 
 []


Overfull \hbox (48.74657pt too wide) in paragraph at lines 63--63
[]\OT1/cmtt/m/n/10 |                      |   |                      |         
              |[] 
 []


Overfull \hbox (48.74657pt too wide) in paragraph at lines 63--63
[]\OT1/cmtt/m/n/10 |                      |   |                      |         
              |[] 
 []


Overfull \hbox (48.74657pt too wide) in paragraph at lines 63--63
[]\OT1/cmtt/m/n/10 |    Power is Off      |   |                      |         
              v[] 
 []


Overfull \hbox (122.24593pt too wide) in paragraph at lines 63--63
[]\OT1/cmtt/m/n/10 |                      |   +----------------------+         
+---------------------------+[] 
 []


Overfull \hbox (122.24593pt too wide) in paragraph at lines 63--63
[]\OT1/cmtt/m/n/10 |                      |               ^                    
|                           |[] 
 []


Overfull \hbox (122.24593pt too wide) in paragraph at lines 63--63
[]\OT1/cmtt/m/n/10 |                      |               |                    
|                           |[] 
 []


Overfull \hbox (122.24593pt too wide) in paragraph at lines 63--63
[]\OT1/cmtt/m/n/10 +----------------------+           Locates                  
|   System Boot Complete    |[] 
 []


Overfull \hbox (122.24593pt too wide) in paragraph at lines 63--63
[]            \OT1/cmtt/m/n/10 |                       Kernel                  
|                           |[] 
 []


Overfull \hbox (122.24593pt too wide) in paragraph at lines 63--63
[]            \OT1/cmtt/m/n/10 |                          |                    
|                           |[] 
 []


Overfull \hbox (122.24593pt too wide) in paragraph at lines 63--63
[]            \OT1/cmtt/m/n/10 |                          |                    
|                           |[] 
 []


Overfull \hbox (122.24593pt too wide) in paragraph at lines 63--63
[]            \OT1/cmtt/m/n/10 |                          |                    
+---------------------------+[] 
 []

[2]
LaTeX Font Info:    External font `cmex10' loaded for size
(Font)              <14.4> on input line 65.
LaTeX Font Info:    External font `cmex10' loaded for size
(Font)              <7> on input line 65.
LaTeX Font Info:    External font `cmex10' loaded for size
(Font)              <5> on input line 68.
LaTeX Font Info:    Font shape `OT1/cmtt/bx/n' in size <14.4> not available
(Font)              Font shape `OT1/cmtt/m/n' tried instead on input line 71.

Overfull \hbox (13.02797pt too wide) in paragraph at lines 103--103
\OT1/cmr/bx/n/14.4 par-al-lel com-po-nent for (a) two pro-cess-ing cores
 []

[3]
Overfull \vbox (308.73582pt too high) has occurred while \output is active []


[4] (./midterm.aux) ) 
Here is how much of TeX's memory you used:
 420 strings out of 478994
 7270 string characters out of 5858184
 318849 words of memory out of 5000000
 17974 multiletter control sequences out of 15000+600000
 408665 words of font info for 45 fonts, out of 8000000 for 9000
 1141 hyphenation exceptions out of 8191
 44i,6n,50p,376b,266s stack positions out of 5000i,500n,10000p,200000b,80000s
{/usr/local/texlive/2021/texmf-dist/fonts/enc/dvips/cm-sup
er/cm-super-ts1.enc}</usr/local/texlive/2021/texmf-dist/fonts/type1/public/amsf
onts/cm/cmbx10.pfb></usr/local/texlive/2021/texmf-dist/fonts/type1/public/amsfo
nts/cm/cmbx12.pfb></usr/local/texlive/2021/texmf-dist/fonts/type1/public/amsfon
ts/cm/cmmi10.pfb></usr/local/texlive/2021/texmf-dist/fonts/type1/public/amsfont
s/cm/cmmi12.pfb></usr/local/texlive/2021/texmf-dist/fonts/type1/public/amsfonts
/cm/cmr10.pfb></usr/local/texlive/2021/texmf-dist/fonts/type1/public/amsfonts/c
m/cmr12.pfb></usr/local/texlive/2021/texmf-dist/fonts/type1/public/amsfonts/cm/
cmr17.pfb></usr/local/texlive/2021/texmf-dist/fonts/type1/public/amsfonts/cm/cm
sy10.pfb></usr/local/texlive/2021/texmf-dist/fonts/type1/public/amsfonts/cm/cmt
t10.pfb></usr/local/texlive/2021/texmf-dist/fonts/type1/public/amsfonts/cm/cmtt
12.pfb></usr/local/texlive/2021/texmf-dist/fonts/type1/public/cm-super/sfrm1000
.pfb>
Output written on midterm.pdf (4 pages, 116316 bytes).
PDF statistics:
 62 PDF objects out of 1000 (max. 8388607)
 44 compressed objects within 1 object stream
 0 named destinations out of 1000 (max. 500000)
 1 words of extra memory for PDF output out of 10000 (max. 10000000)

